<?xml version="1.0" encoding="UTF-8"?>
<!-- Generated by org.testng.reporters.JUnitXMLReporter -->
<testsuite ignored="1" hostname="LAPTOP-0KCN5936" failures="0" tests="10" name="ChromeTest" time="10.98" errors="0" timestamp="17 Apr 2022 03:05:01 GMT">
  <testcase classname="org.pageexecution.LoginPageExe" name="method" time="0.273"/>
  <testcase classname="org.pageexecution.LoginPageExe" name="method" time="0.157"/>
  <testcase classname="org.pageexecution.LoginPageExe" name="method" time="0.15"/>
  <testcase classname="org.pageexecution.LoginPageExe" name="method" time="0.144"/>
  <testcase classname="org.pageexecution.LoginPageExe" name="method" time="0.142"/>
  <testcase classname="org.pageexecution.LoginPageExe2" name="method" time="0.136"/>
  <testcase classname="org.pageexecution.LoginPageExe2" name="method" time="0.171"/>
  <testcase classname="org.pageexecution.LoginPageExe2" name="method" time="0.16"/>
  <testcase classname="org.pageexecution.LoginPageExe2" name="method" time="0.147"/>
  <testcase classname="org.pageexecution.LoginPageExe2" name="method" time="0.163"/>
  <testcase classname="org.baseutil.BaseClass" name="@BeforeTest beforeTest" time="0.0">
    <ignored/>
  </testcase> <!-- @BeforeTest beforeTest -->
</testsuite> <!-- ChromeTest -->
