<?xml version="1.0" encoding="UTF-8"?>
<!-- Generated by org.testng.reporters.JUnitXMLReporter -->
<testsuite ignored="0" hostname="LAPTOP-0KCN5936" failures="1" tests="16" name="Test" time="10.281" errors="0" timestamp="16 Apr 2022 03:45:24 GMT">
  <testcase classname="org.pageexecution.Basic" name="testa" time="0.009"/>
  <testcase classname="org.pageexecution.Basic" name="test3" time="0.002"/>
  <testcase classname="org.pageexecution.Depends" name="method2" time="0.004"/>
  <testcase classname="org.pageexecution.Depends" name="method3" time="0.008">
    <failure type="java.lang.AssertionError" message="expected [true] but found [false]">
      <![CDATA[java.lang.AssertionError: expected [true] but found [false]
at org.pageexecution.Depends.method3(Depends.java:12)
... Removed 29 stack frames]]>
    </failure>
  </testcase> <!-- method3 -->
  <testcase classname="org.pageexecution.Description" name="add" time="0.004"/>
  <testcase classname="org.pageexecution.Invoke" name="multiple" time="1.018"/>
  <testcase classname="org.pageexecution.Invoke" name="multiple" time="1.005"/>
  <testcase classname="org.pageexecution.Invoke" name="multiple" time="1.009"/>
  <testcase classname="org.pageexecution.Invoke" name="multiple" time="1.013"/>
  <testcase classname="org.pageexecution.Invoke" name="multiple" time="1.018"/>
  <testcase classname="org.pageexecution.Invoke" name="multiple" time="1.011"/>
  <testcase classname="org.pageexecution.Invoke" name="multiple" time="1.02"/>
  <testcase classname="org.pageexecution.Invoke" name="multiple" time="1.004"/>
  <testcase classname="org.pageexecution.Invoke" name="multiple" time="1.018"/>
  <testcase classname="org.pageexecution.Invoke" name="multiple" time="1.014"/>
  <testcase classname="org.pageexecution.NormalPageExecution" name="test" time="0.006"/>
</testsuite> <!-- Test -->
