<?xml version="1.0" encoding="UTF-8"?>
<!-- Generated by org.testng.reporters.JUnitXMLReporter -->
<testsuite ignored="0" hostname="LAPTOP-0KCN5936" failures="1" tests="7" name="Test1" time="0.109" errors="0" timestamp="16 Apr 2022 03:50:44 GMT">
  <testcase classname="org.pageexecution.Basic" name="testa" time="0.018"/>
  <testcase classname="org.pageexecution.Basic" name="test3" time="0.005"/>
  <testcase classname="org.pageexecution.Depends" name="method2" time="0.002"/>
  <testcase classname="org.pageexecution.Depends" name="method3" time="0.009">
    <failure type="java.lang.AssertionError" message="expected [true] but found [false]">
      <![CDATA[java.lang.AssertionError: expected [true] but found [false]
at org.pageexecution.Depends.method3(Depends.java:12)
... Removed 29 stack frames]]>
    </failure>
  </testcase> <!-- method3 -->
  <testcase classname="org.pageexecution.Depends" name="method1" time="0.0">
    <skipped/>
  </testcase> <!-- method1 -->
  <testcase classname="org.pageexecution.Basic" name="test1" time="0.003"/>
  <testcase classname="org.pageexecution.Basic" name="test" time="0.002"/>
</testsuite> <!-- Test1 -->
