<?xml version="1.0" encoding="UTF-8"?>
<!-- Generated by org.testng.reporters.JUnitXMLReporter -->
<testsuite ignored="0" hostname="LAPTOP-0KCN5936" failures="1" tests="4" name="Test2" time="0.013" errors="0" timestamp="16 Apr 2022 03:47:17 GMT">
  <testcase classname="org.pageexecution.Basic" name="testa" time="0.001"/>
  <testcase classname="org.pageexecution.Basic" name="test3" time="0.003"/>
  <testcase classname="org.pageexecution.Depends" name="method2" time="0.0"/>
  <testcase classname="org.pageexecution.Depends" name="method3" time="0.003">
    <failure type="java.lang.AssertionError" message="expected [true] but found [false]">
      <![CDATA[java.lang.AssertionError: expected [true] but found [false]
at org.pageexecution.Depends.method3(Depends.java:12)
... Removed 29 stack frames]]>
    </failure>
  </testcase> <!-- method3 -->
</testsuite> <!-- Test2 -->
