<?xml version="1.0" encoding="UTF-8"?>
<testng-results ignored="1" total="11" passed="10" failed="0" skipped="0">
  <reporter-output>
  </reporter-output>
  <suite started-at="2022-04-17T03:04:50Z" name="Suite" finished-at="2022-04-17T03:05:01Z" duration-ms="10980">
    <groups>
    </groups>
    <test started-at="2022-04-17T03:04:50Z" name="ChromeTest" finished-at="2022-04-17T03:05:01Z" duration-ms="10980">
      <class name="org.pageexecution.LoginPageExe2">
        <test-method is-config="true" signature="beforeMethod(java.lang.String)[pri:0, instance:org.pageexecution.LoginPageExe2@573906eb]" started-at="2022-04-17T03:04:58Z" name="beforeMethod" finished-at="2022-04-17T03:04:58Z" duration-ms="494" status="PASS">
          <params>
            <param index="0">
              <value>
                <![CDATA[https://www.facebook.com/]]>
              </value>
            </param>
          </params>
          <reporter-output>
          </reporter-output>
        </test-method> <!-- beforeMethod -->
        <test-method signature="method(java.lang.String, java.lang.String, int)[pri:0, instance:org.pageexecution.LoginPageExe2@573906eb]" started-at="2022-04-17T03:04:58Z" name="method" data-provider="testdata" finished-at="2022-04-17T03:04:58Z" duration-ms="136" status="PASS">
          <params>
            <param index="0">
              <value>
                <![CDATA[Anandh]]>
              </value>
            </param>
            <param index="1">
              <value>
                <![CDATA[Project Apr 2]]>
              </value>
            </param>
            <param index="2">
              <value>
                <![CDATA[1]]>
              </value>
            </param>
          </params>
          <reporter-output>
          </reporter-output>
        </test-method> <!-- method -->
        <test-method is-config="true" signature="beforeMethod(java.lang.String)[pri:0, instance:org.pageexecution.LoginPageExe2@573906eb]" started-at="2022-04-17T03:04:58Z" name="beforeMethod" finished-at="2022-04-17T03:04:59Z" duration-ms="635" status="PASS">
          <params>
            <param index="0">
              <value>
                <![CDATA[https://www.facebook.com/]]>
              </value>
            </param>
          </params>
          <reporter-output>
          </reporter-output>
        </test-method> <!-- beforeMethod -->
        <test-method signature="method(java.lang.String, java.lang.String, int)[pri:0, instance:org.pageexecution.LoginPageExe2@573906eb]" started-at="2022-04-17T03:04:59Z" name="method" data-provider="testdata" finished-at="2022-04-17T03:04:59Z" duration-ms="171" status="PASS">
          <params>
            <param index="0">
              <value>
                <![CDATA[Yaswanth]]>
              </value>
            </param>
            <param index="1">
              <value>
                <![CDATA[Project Apr 2]]>
              </value>
            </param>
            <param index="2">
              <value>
                <![CDATA[2]]>
              </value>
            </param>
          </params>
          <reporter-output>
          </reporter-output>
        </test-method> <!-- method -->
        <test-method is-config="true" signature="beforeMethod(java.lang.String)[pri:0, instance:org.pageexecution.LoginPageExe2@573906eb]" started-at="2022-04-17T03:04:59Z" name="beforeMethod" finished-at="2022-04-17T03:05:00Z" duration-ms="528" status="PASS">
          <params>
            <param index="0">
              <value>
                <![CDATA[https://www.facebook.com/]]>
              </value>
            </param>
          </params>
          <reporter-output>
          </reporter-output>
        </test-method> <!-- beforeMethod -->
        <test-method signature="method(java.lang.String, java.lang.String, int)[pri:0, instance:org.pageexecution.LoginPageExe2@573906eb]" started-at="2022-04-17T03:05:00Z" name="method" data-provider="testdata" finished-at="2022-04-17T03:05:00Z" duration-ms="160" status="PASS">
          <params>
            <param index="0">
              <value>
                <![CDATA[Karthick]]>
              </value>
            </param>
            <param index="1">
              <value>
                <![CDATA[Project Apr 2]]>
              </value>
            </param>
            <param index="2">
              <value>
                <![CDATA[3]]>
              </value>
            </param>
          </params>
          <reporter-output>
          </reporter-output>
        </test-method> <!-- method -->
        <test-method is-config="true" signature="beforeMethod(java.lang.String)[pri:0, instance:org.pageexecution.LoginPageExe2@573906eb]" started-at="2022-04-17T03:05:00Z" name="beforeMethod" finished-at="2022-04-17T03:05:00Z" duration-ms="506" status="PASS">
          <params>
            <param index="0">
              <value>
                <![CDATA[https://www.facebook.com/]]>
              </value>
            </param>
          </params>
          <reporter-output>
          </reporter-output>
        </test-method> <!-- beforeMethod -->
        <test-method signature="method(java.lang.String, java.lang.String, int)[pri:0, instance:org.pageexecution.LoginPageExe2@573906eb]" started-at="2022-04-17T03:05:00Z" name="method" data-provider="testdata" finished-at="2022-04-17T03:05:00Z" duration-ms="147" status="PASS">
          <params>
            <param index="0">
              <value>
                <![CDATA[Lakshman]]>
              </value>
            </param>
            <param index="1">
              <value>
                <![CDATA[Project Apr 2]]>
              </value>
            </param>
            <param index="2">
              <value>
                <![CDATA[4]]>
              </value>
            </param>
          </params>
          <reporter-output>
          </reporter-output>
        </test-method> <!-- method -->
        <test-method is-config="true" signature="beforeMethod(java.lang.String)[pri:0, instance:org.pageexecution.LoginPageExe2@573906eb]" started-at="2022-04-17T03:05:00Z" name="beforeMethod" finished-at="2022-04-17T03:05:01Z" duration-ms="488" status="PASS">
          <params>
            <param index="0">
              <value>
                <![CDATA[https://www.facebook.com/]]>
              </value>
            </param>
          </params>
          <reporter-output>
          </reporter-output>
        </test-method> <!-- beforeMethod -->
        <test-method signature="method(java.lang.String, java.lang.String, int)[pri:0, instance:org.pageexecution.LoginPageExe2@573906eb]" started-at="2022-04-17T03:05:01Z" name="method" data-provider="testdata" finished-at="2022-04-17T03:05:01Z" duration-ms="163" status="PASS">
          <params>
            <param index="0">
              <value>
                <![CDATA[Preethi]]>
              </value>
            </param>
            <param index="1">
              <value>
                <![CDATA[Project Apr 2]]>
              </value>
            </param>
            <param index="2">
              <value>
                <![CDATA[5]]>
              </value>
            </param>
          </params>
          <reporter-output>
          </reporter-output>
        </test-method> <!-- method -->
      </class> <!-- org.pageexecution.LoginPageExe2 -->
      <class name="org.pageexecution.LoginPageExe">
        <test-method is-config="true" signature="beforeTest(java.lang.String)[pri:0, instance:org.pageexecution.LoginPageExe@20435c40]" started-at="2022-04-17T03:04:50Z" name="beforeTest" finished-at="2022-04-17T03:04:52Z" duration-ms="2208" status="PASS">
          <params>
            <param index="0">
              <value>
                <![CDATA[chrome]]>
              </value>
            </param>
          </params>
          <reporter-output>
          </reporter-output>
        </test-method> <!-- beforeTest -->
        <test-method is-config="true" signature="beforeMethod(java.lang.String)[pri:0, instance:org.pageexecution.LoginPageExe@20435c40]" started-at="2022-04-17T03:04:52Z" name="beforeMethod" finished-at="2022-04-17T03:04:53Z" duration-ms="1001" status="PASS">
          <params>
            <param index="0">
              <value>
                <![CDATA[https://www.facebook.com/]]>
              </value>
            </param>
          </params>
          <reporter-output>
          </reporter-output>
        </test-method> <!-- beforeMethod -->
        <test-method signature="method(java.lang.String, java.lang.String, int)[pri:0, instance:org.pageexecution.LoginPageExe@20435c40]" started-at="2022-04-17T03:04:53Z" name="method" data-provider="testdata" finished-at="2022-04-17T03:04:54Z" duration-ms="273" status="PASS">
          <params>
            <param index="0">
              <value>
                <![CDATA[Anandh]]>
              </value>
            </param>
            <param index="1">
              <value>
                <![CDATA[Project Apr 2]]>
              </value>
            </param>
            <param index="2">
              <value>
                <![CDATA[1]]>
              </value>
            </param>
          </params>
          <reporter-output>
          </reporter-output>
        </test-method> <!-- method -->
        <test-method is-config="true" signature="beforeMethod(java.lang.String)[pri:0, instance:org.pageexecution.LoginPageExe@20435c40]" started-at="2022-04-17T03:04:54Z" name="beforeMethod" finished-at="2022-04-17T03:04:54Z" duration-ms="928" status="PASS">
          <params>
            <param index="0">
              <value>
                <![CDATA[https://www.facebook.com/]]>
              </value>
            </param>
          </params>
          <reporter-output>
          </reporter-output>
        </test-method> <!-- beforeMethod -->
        <test-method signature="method(java.lang.String, java.lang.String, int)[pri:0, instance:org.pageexecution.LoginPageExe@20435c40]" started-at="2022-04-17T03:04:54Z" name="method" data-provider="testdata" finished-at="2022-04-17T03:04:55Z" duration-ms="157" status="PASS">
          <params>
            <param index="0">
              <value>
                <![CDATA[Yaswanth]]>
              </value>
            </param>
            <param index="1">
              <value>
                <![CDATA[Project Apr 2]]>
              </value>
            </param>
            <param index="2">
              <value>
                <![CDATA[2]]>
              </value>
            </param>
          </params>
          <reporter-output>
          </reporter-output>
        </test-method> <!-- method -->
        <test-method is-config="true" signature="beforeMethod(java.lang.String)[pri:0, instance:org.pageexecution.LoginPageExe@20435c40]" started-at="2022-04-17T03:04:55Z" name="beforeMethod" finished-at="2022-04-17T03:04:55Z" duration-ms="827" status="PASS">
          <params>
            <param index="0">
              <value>
                <![CDATA[https://www.facebook.com/]]>
              </value>
            </param>
          </params>
          <reporter-output>
          </reporter-output>
        </test-method> <!-- beforeMethod -->
        <test-method signature="method(java.lang.String, java.lang.String, int)[pri:0, instance:org.pageexecution.LoginPageExe@20435c40]" started-at="2022-04-17T03:04:55Z" name="method" data-provider="testdata" finished-at="2022-04-17T03:04:56Z" duration-ms="150" status="PASS">
          <params>
            <param index="0">
              <value>
                <![CDATA[Karthick]]>
              </value>
            </param>
            <param index="1">
              <value>
                <![CDATA[Project Apr 2]]>
              </value>
            </param>
            <param index="2">
              <value>
                <![CDATA[3]]>
              </value>
            </param>
          </params>
          <reporter-output>
          </reporter-output>
        </test-method> <!-- method -->
        <test-method is-config="true" signature="beforeMethod(java.lang.String)[pri:0, instance:org.pageexecution.LoginPageExe@20435c40]" started-at="2022-04-17T03:04:56Z" name="beforeMethod" finished-at="2022-04-17T03:04:56Z" duration-ms="849" status="PASS">
          <params>
            <param index="0">
              <value>
                <![CDATA[https://www.facebook.com/]]>
              </value>
            </param>
          </params>
          <reporter-output>
          </reporter-output>
        </test-method> <!-- beforeMethod -->
        <test-method signature="method(java.lang.String, java.lang.String, int)[pri:0, instance:org.pageexecution.LoginPageExe@20435c40]" started-at="2022-04-17T03:04:56Z" name="method" data-provider="testdata" finished-at="2022-04-17T03:04:57Z" duration-ms="144" status="PASS">
          <params>
            <param index="0">
              <value>
                <![CDATA[Lakshman]]>
              </value>
            </param>
            <param index="1">
              <value>
                <![CDATA[Project Apr 2]]>
              </value>
            </param>
            <param index="2">
              <value>
                <![CDATA[4]]>
              </value>
            </param>
          </params>
          <reporter-output>
          </reporter-output>
        </test-method> <!-- method -->
        <test-method is-config="true" signature="beforeMethod(java.lang.String)[pri:0, instance:org.pageexecution.LoginPageExe@20435c40]" started-at="2022-04-17T03:04:57Z" name="beforeMethod" finished-at="2022-04-17T03:04:57Z" duration-ms="813" status="PASS">
          <params>
            <param index="0">
              <value>
                <![CDATA[https://www.facebook.com/]]>
              </value>
            </param>
          </params>
          <reporter-output>
          </reporter-output>
        </test-method> <!-- beforeMethod -->
        <test-method signature="method(java.lang.String, java.lang.String, int)[pri:0, instance:org.pageexecution.LoginPageExe@20435c40]" started-at="2022-04-17T03:04:57Z" name="method" data-provider="testdata" finished-at="2022-04-17T03:04:58Z" duration-ms="142" status="PASS">
          <params>
            <param index="0">
              <value>
                <![CDATA[Preethi]]>
              </value>
            </param>
            <param index="1">
              <value>
                <![CDATA[Project Apr 2]]>
              </value>
            </param>
            <param index="2">
              <value>
                <![CDATA[5]]>
              </value>
            </param>
          </params>
          <reporter-output>
          </reporter-output>
        </test-method> <!-- method -->
      </class> <!-- org.pageexecution.LoginPageExe -->
    </test> <!-- ChromeTest -->
  </suite> <!-- Suite -->
</testng-results>
